# JRE version: Java(TM) SE Runtime Environment (8.0_191-b12) (build 1.8.0_191-b12)
# Java VM: Java HotSpot(TM) Client VM (25.191-b12 mixed mode windows-x86 )
Heap:
 def new generation   total 157248K, used 24847K [0x04a00000, 0x0f4a0000, 0x0f4a0000)
  eden space 139776K,   9% used [0x04a00000, 0x056f9f40, 0x0d280000)
  from space 17472K,  66% used [0x0d280000, 0x0ddc9fe8, 0x0e390000)
  to   space 17472K,   0% used [0x0e390000, 0x0e390000, 0x0f4a0000)
 tenured generation   total 349568K, used 156779K [0x0f4a0000, 0x24a00000, 0x24a00000)
   the space 349568K,  44% used [0x0f4a0000, 0x18dbac48, 0x18dbae00, 0x24a00000)
 Metaspace       used 25847K, capacity 26445K, committed 26496K, reserved 27008K
GC Heap History (10 events):
Event: 2295.556 GC heap before
{Heap before GC invocations=24 (full 4):
 def new generation   total 157248K, used 149120K [0x04a00000, 0x0f4a0000, 0x0f4a0000)
  eden space 139776K,  99% used [0x04a00000, 0x0d266380, 0x0d280000)
  from space 17472K,  54% used [0x0e390000, 0x0ecc9cb0, 0x0f4a0000)
  to   space 17472K,   0% used [0x0d280000, 0x0d280000, 0x0e390000)
 tenured generation   total 349568K, used 142439K [0x0f4a0000, 0x24a00000, 0x24a00000)
   the space 349568K,  40% used [0x0f4a0000, 0x17fb9f68, 0x17fba000, 0x24a00000)
 Metaspace       used 25824K, capacity 26413K, committed 26496K, reserved 27008K
Event: 2295.568 GC heap after
Heap after GC invocations=25 (full 4):
 def new generation   total 157248K, used 6727K [0x04a00000, 0x0f4a0000, 0x0f4a0000)
  eden space 139776K,   0% used [0x04a00000, 0x04a00000, 0x0d280000)
  from space 17472K,  38% used [0x0d280000, 0x0d911e50, 0x0e390000)
  to   space 17472K,   0% used [0x0e390000, 0x0e390000, 0x0f4a0000)
 tenured generation   total 349568K, used 150144K [0x0f4a0000, 0x24a00000, 0x24a00000)
   the space 349568K,  42% used [0x0f4a0000, 0x18740030, 0x18740200, 0x24a00000)
 Metaspace       used 25824K, capacity 26413K, committed 26496K, reserved 27008K
}
Event: 2434.170 GC heap before
{Heap before GC invocations=25 (full 4):
 def new generation   total 157248K, used 146503K [0x04a00000, 0x0f4a0000, 0x0f4a0000)
  eden space 139776K, 100% used [0x04a00000, 0x0d280000, 0x0d280000)
  from space 17472K,  38% used [0x0d280000, 0x0d911e50, 0x0e390000)
  to   space 17472K,   0% used [0x0e390000, 0x0e390000, 0x0f4a0000)
 tenured generation   total 349568K, used 150144K [0x0f4a0000, 0x24a00000, 0x24a00000)
   the space 349568K,  42% used [0x0f4a0000, 0x18740030, 0x18740200, 0x24a00000)
 Metaspace       used 25847K, capacity 26445K, committed 26496K, reserved 27008K
Event: 2434.178 GC heap after
Heap after GC invocations=26 (full 4):
 def new generation   total 157248K, used 6696K [0x04a00000, 0x0f4a0000, 0x0f4a0000)
  eden space 139776K,   0% used [0x04a00000, 0x04a00000, 0x0d280000)
  from space 17472K,  38% used [0x0e390000, 0x0ea1a008, 0x0f4a0000)
  to   space 17472K,   0% used [0x0d280000, 0x0d280000, 0x0e390000)
 tenured generation   total 349568K, used 150144K [0x0f4a0000, 0x24a00000, 0x24a00000)
   the space 349568K,  42% used [0x0f4a0000, 0x18740030, 0x18740200, 0x24a00000)
 Metaspace       used 25847K, capacity 26445K, committed 26496K, reserved 27008K
}
Event: 2674.735 GC heap before
{Heap before GC invocations=26 (full 4):
 def new generation   total 157248K, used 146472K [0x04a00000, 0x0f4a0000, 0x0f4a0000)
  eden space 139776K, 100% used [0x04a00000, 0x0d280000, 0x0d280000)
  from space 17472K,  38% used [0x0e390000, 0x0ea1a008, 0x0f4a0000)
  to   space 17472K,   0% used [0x0d280000, 0x0d280000, 0x0e390000)
 tenured generation   total 349568K, used 150144K [0x0f4a0000, 0x24a00000, 0x24a00000)
   the space 349568K,  42% used [0x0f4a0000, 0x18740030, 0x18740200, 0x24a00000)
 Metaspace       used 25847K, capacity 26445K, committed 26496K, reserved 27008K
Event: 2674.748 GC heap after
Heap after GC invocations=27 (full 4):
 def new generation   total 157248K, used 10457K [0x04a00000, 0x0f4a0000, 0x0f4a0000)
  eden space 139776K,   0% used [0x04a00000, 0x04a00000, 0x0d280000)
  from space 17472K,  59% used [0x0d280000, 0x0dcb6490, 0x0e390000)
  to   space 17472K,   0% used [0x0e390000, 0x0e390000, 0x0f4a0000)
 tenured generation   total 349568K, used 150144K [0x0f4a0000, 0x24a00000, 0x24a00000)
   the space 349568K,  42% used [0x0f4a0000, 0x18740030, 0x18740200, 0x24a00000)
 Metaspace       used 25847K, capacity 26445K, committed 26496K, reserved 27008K
}
Event: 2946.650 GC heap before
{Heap before GC invocations=27 (full 4):
 def new generation   total 157248K, used 150233K [0x04a00000, 0x0f4a0000, 0x0f4a0000)
  eden space 139776K, 100% used [0x04a00000, 0x0d280000, 0x0d280000)
  from space 17472K,  59% used [0x0d280000, 0x0dcb6490, 0x0e390000)
  to   space 17472K,   0% used [0x0e390000, 0x0e390000, 0x0f4a0000)
 tenured generation   total 349568K, used 150144K [0x0f4a0000, 0x24a00000, 0x24a00000)
   the space 349568K,  42% used [0x0f4a0000, 0x18740030, 0x18740200, 0x24a00000)
 Metaspace       used 25847K, capacity 26445K, committed 26496K, reserved 27008K
Event: 2946.663 GC heap after
Heap after GC invocations=28 (full 4):
 def new generation   total 157248K, used 10674K [0x04a00000, 0x0f4a0000, 0x0f4a0000)
  eden space 139776K,   0% used [0x04a00000, 0x04a00000, 0x0d280000)
  from space 17472K,  61% used [0x0e390000, 0x0edfcbd0, 0x0f4a0000)
  to   space 17472K,   0% used [0x0d280000, 0x0d280000, 0x0e390000)
 tenured generation   total 349568K, used 153638K [0x0f4a0000, 0x24a00000, 0x24a00000)
   the space 349568K,  43% used [0x0f4a0000, 0x18aa9928, 0x18aa9a00, 0x24a00000)
 Metaspace       used 25847K, capacity 26445K, committed 26496K, reserved 27008K
}
Event: 3222.051 GC heap before
{Heap before GC invocations=28 (full 4):
 def new generation   total 157248K, used 150450K [0x04a00000, 0x0f4a0000, 0x0f4a0000)
  eden space 139776K, 100% used [0x04a00000, 0x0d280000, 0x0d280000)
  from space 17472K,  61% used [0x0e390000, 0x0edfcbd0, 0x0f4a0000)
  to   space 17472K,   0% used [0x0d280000, 0x0d280000, 0x0e390000)
 tenured generation   total 349568K, used 153638K [0x0f4a0000, 0x24a00000, 0x24a00000)
   the space 349568K,  43% used [0x0f4a0000, 0x18aa9928, 0x18aa9a00, 0x24a00000)
 Metaspace       used 25847K, capacity 26445K, committed 26496K, reserved 27008K
Event: 3222.066 GC heap after
Heap after GC invocations=29 (full 4):
 def new generation   total 157248K, used 11559K [0x04a00000, 0x0f4a0000, 0x0f4a0000)
  eden space 139776K,   0% used [0x04a00000, 0x04a00000, 0x0d280000)
  from space 17472K,  66% used [0x0d280000, 0x0ddc9fe8, 0x0e390000)
  to   space 17472K,   0% used [0x0e390000, 0x0e390000, 0x0f4a0000)
 tenured generation   total 349568K, used 156779K [0x0f4a0000, 0x24a00000, 0x24a00000)
   the space 349568K,  44% used [0x0f4a0000, 0x18dbac48, 0x18dbae00, 0x24a00000)
 Metaspace       used 25847K, capacity 26445K, committed 26496K, reserved 27008K
}

